# JRE version: OpenJDK Runtime Environment Temurin-21.0.8+9 (21.0.8+9) (build 21.0.8+9-LTS)
# Java VM: OpenJDK 64-Bit Server VM Temurin-21.0.8+9 (21.0.8+9-LTS, mixed mode, sharing, tiered, compressed oops, compressed class ptrs, g1 gc, windows-amd64)
GC Precious Log:
 CardTable entry size: 512
 Card Set container configuration: InlinePtr #cards 4 size 8 Array Of Cards #cards 16 size 48 Howl #buckets 8 coarsen threshold 3686 Howl Bitmap #cards 512 size 80 coarsen threshold 460 Card regions per heap region 1 cards per card region 4096
 CPUs: 8 total, 8 available
 Memory: 16015M
 Large Page Support: Disabled
 NUMA Support: Disabled
 Compressed Oops: Enabled (Zero based)
 Heap Region Size: 2M
 Heap Min Capacity: 8M
 Heap Initial Capacity: 252M
 Heap Max Capacity: 4004M
 Pre-touch: Disabled
 Parallel Workers: 8
 Concurrent Workers: 2
 Concurrent Refinement Workers: 8
 Periodic GC: Disabled
Heap:
 garbage-first heap   total 102400K, used 63139K [0x0000000705c00000, 0x0000000800000000)
  region size 2048K, 16 young (32768K), 3 survivors (6144K)
 Metaspace       used 87723K, committed 88640K, reserved 1179648K
  class space    used 11579K, committed 11968K, reserved 1048576K
GC Heap History (20 events):
Event: 5.302 GC heap before
{Heap before GC invocations=19 (full 0):
 garbage-first heap   total 81920K, used 70879K [0x0000000705c00000, 0x0000000800000000)
  region size 2048K, 23 young (47104K), 2 survivors (4096K)
 Metaspace       used 67973K, committed 68736K, reserved 1114112K
  class space    used 9136K, committed 9472K, reserved 1048576K
}
Event: 5.306 GC heap after
{Heap after GC invocations=20 (full 0):
 garbage-first heap   total 83968K, used 31189K [0x0000000705c00000, 0x0000000800000000)
  region size 2048K, 3 young (6144K), 3 survivors (6144K)
 Metaspace       used 67973K, committed 68736K, reserved 1114112K
  class space    used 9136K, committed 9472K, reserved 1048576K
}
Event: 14.192 GC heap before
{Heap before GC invocations=20 (full 0):
 garbage-first heap   total 83968K, used 68053K [0x0000000705c00000, 0x0000000800000000)
  region size 2048K, 21 young (43008K), 3 survivors (6144K)
 Metaspace       used 71667K, committed 72320K, reserved 1114112K
  class space    used 9637K, committed 9920K, reserved 1048576K
}
Event: 14.195 GC heap after
{Heap after GC invocations=21 (full 0):
 garbage-first heap   total 102400K, used 32755K [0x0000000705c00000, 0x0000000800000000)
  region size 2048K, 2 young (4096K), 2 survivors (4096K)
 Metaspace       used 71667K, committed 72320K, reserved 1114112K
  class space    used 9637K, committed 9920K, reserved 1048576K
}
Event: 14.799 GC heap before
{Heap before GC invocations=21 (full 0):
 garbage-first heap   total 102400K, used 90099K [0x0000000705c00000, 0x0000000800000000)
  region size 2048K, 30 young (61440K), 2 survivors (4096K)
 Metaspace       used 76358K, committed 77184K, reserved 1179648K
  class space    used 10207K, committed 10560K, reserved 1048576K
}
Event: 14.804 GC heap after
{Heap after GC invocations=22 (full 0):
 garbage-first heap   total 102400K, used 38440K [0x0000000705c00000, 0x0000000800000000)
  region size 2048K, 4 young (8192K), 4 survivors (8192K)
 Metaspace       used 76358K, committed 77184K, reserved 1179648K
  class space    used 10207K, committed 10560K, reserved 1048576K
}
Event: 21.048 GC heap before
{Heap before GC invocations=22 (full 0):
 garbage-first heap   total 102400K, used 87592K [0x0000000705c00000, 0x0000000800000000)
  region size 2048K, 28 young (57344K), 4 survivors (8192K)
 Metaspace       used 81647K, committed 82560K, reserved 1179648K
  class space    used 10920K, committed 11328K, reserved 1048576K
}
Event: 21.054 GC heap after
{Heap after GC invocations=23 (full 0):
 garbage-first heap   total 102400K, used 39629K [0x0000000705c00000, 0x0000000800000000)
  region size 2048K, 2 young (4096K), 2 survivors (4096K)
 Metaspace       used 81647K, committed 82560K, reserved 1179648K
  class space    used 10920K, committed 11328K, reserved 1048576K
}
Event: 113.422 GC heap before
{Heap before GC invocations=23 (full 0):
 garbage-first heap   total 102400K, used 88781K [0x0000000705c00000, 0x0000000800000000)
  region size 2048K, 27 young (55296K), 2 survivors (4096K)
 Metaspace       used 85124K, committed 86016K, reserved 1179648K
  class space    used 11372K, committed 11776K, reserved 1048576K
}
Event: 113.427 GC heap after
{Heap after GC invocations=24 (full 0):
 garbage-first heap   total 102400K, used 42194K [0x0000000705c00000, 0x0000000800000000)
  region size 2048K, 3 young (6144K), 3 survivors (6144K)
 Metaspace       used 85124K, committed 86016K, reserved 1179648K
  class space    used 11372K, committed 11776K, reserved 1048576K
}
Event: 224.764 GC heap before
{Heap before GC invocations=25 (full 0):
 garbage-first heap   total 102400K, used 58578K [0x0000000705c00000, 0x0000000800000000)
  region size 2048K, 12 young (24576K), 3 survivors (6144K)
 Metaspace       used 85467K, committed 86336K, reserved 1179648K
  class space    used 11456K, committed 11840K, reserved 1048576K
}
Event: 224.808 GC heap after
{Heap after GC invocations=26 (full 1):
 garbage-first heap   total 102400K, used 35267K [0x0000000705c00000, 0x0000000800000000)
  region size 2048K, 0 young (0K), 0 survivors (0K)
 Metaspace       used 85467K, committed 86336K, reserved 1179648K
  class space    used 11456K, committed 11840K, reserved 1048576K
}
Event: 225.517 GC heap before
{Heap before GC invocations=26 (full 1):
 garbage-first heap   total 102400K, used 86467K [0x0000000705c00000, 0x0000000800000000)
  region size 2048K, 26 young (53248K), 0 survivors (0K)
 Metaspace       used 85870K, committed 86720K, reserved 1179648K
  class space    used 11478K, committed 11840K, reserved 1048576K
}
Event: 225.520 GC heap after
{Heap after GC invocations=27 (full 1):
 garbage-first heap   total 102400K, used 40338K [0x0000000705c00000, 0x0000000800000000)
  region size 2048K, 3 young (6144K), 3 survivors (6144K)
 Metaspace       used 85870K, committed 86720K, reserved 1179648K
  class space    used 11478K, committed 11840K, reserved 1048576K
}
Event: 263.626 GC heap before
{Heap before GC invocations=28 (full 1):
 garbage-first heap   total 102400K, used 85394K [0x0000000705c00000, 0x0000000800000000)
  region size 2048K, 25 young (51200K), 3 survivors (6144K)
 Metaspace       used 86582K, committed 87488K, reserved 1179648K
  class space    used 11511K, committed 11904K, reserved 1048576K
}
Event: 263.629 GC heap after
{Heap after GC invocations=29 (full 1):
 garbage-first heap   total 102400K, used 42250K [0x0000000705c00000, 0x0000000800000000)
  region size 2048K, 2 young (4096K), 2 survivors (4096K)
 Metaspace       used 86582K, committed 87488K, reserved 1179648K
  class space    used 11511K, committed 11904K, reserved 1048576K
}
Event: 360.650 GC heap before
{Heap before GC invocations=29 (full 1):
 garbage-first heap   total 102400K, used 64778K [0x0000000705c00000, 0x0000000800000000)
  region size 2048K, 14 young (28672K), 2 survivors (4096K)
 Metaspace       used 86921K, committed 87872K, reserved 1179648K
  class space    used 11535K, committed 11968K, reserved 1048576K
}
Event: 360.693 GC heap after
{Heap after GC invocations=30 (full 2):
 garbage-first heap   total 102400K, used 35852K [0x0000000705c00000, 0x0000000800000000)
  region size 2048K, 0 young (0K), 0 survivors (0K)
 Metaspace       used 86915K, committed 87872K, reserved 1179648K
  class space    used 11534K, committed 11968K, reserved 1048576K
}
Event: 361.112 GC heap before
{Heap before GC invocations=30 (full 2):
 garbage-first heap   total 102400K, used 85004K [0x0000000705c00000, 0x0000000800000000)
  region size 2048K, 24 young (49152K), 0 survivors (0K)
 Metaspace       used 87167K, committed 88064K, reserved 1179648K
  class space    used 11551K, committed 11968K, reserved 1048576K
}
Event: 361.114 GC heap after
{Heap after GC invocations=31 (full 2):
 garbage-first heap   total 102400K, used 40611K [0x0000000705c00000, 0x0000000800000000)
  region size 2048K, 3 young (6144K), 3 survivors (6144K)
 Metaspace       used 87167K, committed 88064K, reserved 1179648K
  class space    used 11551K, committed 11968K, reserved 1048576K
}

